Feb  9 06:52:00 blah blah blah blah blah blah blah blah blah blah 67
Feb  9 07:50:27 blah blah blah 99
Feb  9 08:54:05 blah blah blah blah blah blah blah blah blah blah 166
Feb  9 09:52:10 blah blah blah blah blah blah blah blah 223
Feb  9 10:54:14 blah blah blah blah blah blah blah blah blah blah 290
Feb  9 11:56:31 blah blah blah blah blah blah blah blah blah blah 357
Feb  9 12:51:30 blah blah blah blah blah blah blah 409
Feb  9 13:47:37 blah blah blah blah blah 451
Feb  9 14:41:50 blah blah blah blah blah blah blah blah 508
Feb  9 15:40:39 blah blah blah blah blah blah blah 560
Feb  9 16:36:41 blah blah blah blah blah blah blah blah blah 622
Feb  9 17:34:22 blah blah blah blah blah blah blah 674
Feb  9 18:35:15 blah blah blah blah 711
Feb  9 19:32:44 blah blah blah blah blah blah blah blah blah 773
Feb  9 20:34:37 blah blah blah blah blah blah blah blah blah 835
Feb  9 21:32:32 blah blah blah 867
Feb  9 22:29:17 blah blah blah blah 904
Feb  9 23:27:08 blah blah blah blah blah blah blah blah 961
Feb 10 00:24:47 blah blah blah blah blah blah blah blah 1018
Feb 10 01:20:54 blah blah blah blah blah blah blah blah blah 1080
Feb 10 02:17:35 blah blah blah blah blah blah blah blah blah blah 1147
Feb 10 03:17:33 blah blah blah blah blah blah 1194
Feb 10 04:19:02 blah blah blah blah blah blah blah blah blah blah blah blah 1271
Feb 10 05:24:35 blah blah blah blah 1308
Feb 10 06:23:46 blah blah blah blah blah 1350