Case #1: EA
Case #2: RIR
Case #3: FDT
Case #4: ZERA
Case #5: 
Case #6: 
Case #7: 
Case #8: G
Case #9: ADWFDFDIS
Case #10: SQBDAQQSD
Case #11: DEEARGGR
Case #12: QEAARQTEE
Case #13: 
Case #14: SRSRRPQSQ
Case #15: RDAFDQIEQ
Case #16: 
Case #17: STSESEEAS
Case #18: Q
Case #19: WERAAEWOQ
Case #20: RSQ
Case #21: CERQDSEDQ
Case #22: FRFKD
Case #23: DDNFAFA
Case #24: AEFX
Case #25: QHWEDSEAQ
Case #26: DE
Case #27: FFFQSSSSK
Case #28: ASSFEAXQA
Case #29: STE
Case #30: QAZ
Case #31: YFFWFAQAS
Case #32: A
Case #33: GSADGAFA
Case #34: WASWTSEWD
Case #35: FRS
Case #36: OFFSFEFDA
Case #37: RDFDXXSQ
Case #38: LLAFE
Case #39: FAAFWDNDD
Case #40: A
Case #41: AWARENESS
Case #42: M
Case #43: 
Case #44: ARTEQWW
Case #45: FD
Case #46: DABSDQQDQ
Case #47: RSESQBESQ
Case #48: DSRFQRJDW
Case #49: ZZZZZ
Case #50: EAQ
Case #51: Q
Case #52: FUFARSWEQ
Case #53: 
Case #54: RFI
Case #55: A
Case #56: AWUFFDEWD
Case #57: EQREUWRFR
Case #58: MEDEASDDR
Case #59: 
Case #60: U
Case #61: RZWRFWRSR
Case #62: SSAZDQSQS
Case #63: AAAAAAAAAA
Case #64: SQQRARMRA
Case #65: F
Case #66: AQSMEQEWF
Case #67: SIWEDDID
Case #68: QAFASMQSA
Case #69: USUSWFRA
Case #70: REAUSSRQF
Case #71: AYA
Case #72: AEQWQAQNF
Case #73: NRSQDFRQQ
Case #74: LEW
Case #75: S
Case #76: WESRERREC
Case #77: LDQFWWSFQ
Case #78: ZFWQWDFQR
Case #79: D
Case #80: YDRDRWWFA
Case #81: L
Case #82: ED
Case #83: QQWERGDFS
Case #84: S
Case #85: CFAQDDDAS
Case #86: REQRYA
Case #87: WSFAFAACS
Case #88: DEAFDEARS
Case #89: EA
Case #90: DMSAWSRSD
Case #91: QDFN
Case #92: RWQJWAQRE
Case #93: DDREKARDE
Case #94: ERSREZSFF
Case #95: WWJRAWFFW
Case #96: YW
Case #97: SQQMFRFWR
Case #98: DRPPS
Case #99: DIID
Case #100: DS
